<?xml version="1.0" encoding="UTF-8"?>
<!-- Generated by org.testng.reporters.JUnitXMLReporter -->
<testsuite ignored="9" hostname="ALORA.local" failures="0" tests="1" name="Default test" time="11.449" errors="0" timestamp="2024-04-03T18:40:47 IST">
  <testcase classname="testcases._2_InventoryPageTest" name="validateProductPriceInIncreasingOrderTest" time="0.305"/>
  <testcase classname="testcases._2_InventoryPageTest" name="verifyInventoryPageFbLogoTest" time="0.0">
    <ignored/>
  </testcase> <!-- verifyInventoryPageFbLogoTest -->
  <testcase classname="testcases._2_InventoryPageTest" name="verifyInventoryPageTwitterLogoTest" time="0.0">
    <ignored/>
  </testcase> <!-- verifyInventoryPageTwitterLogoTest -->
  <testcase classname="testcases._2_InventoryPageTest" name="add3LowestPriceProductsTest" time="0.0">
    <ignored/>
  </testcase> <!-- add3LowestPriceProductsTest -->
  <testcase classname="testcases._2_InventoryPageTest" name="validateProductPriceInDecreasingOrderTest" time="0.0">
    <ignored/>
  </testcase> <!-- validateProductPriceInDecreasingOrderTest -->
  <testcase classname="testcases._2_InventoryPageTest" name="verifyInventoryPageProductLabelTest" time="0.0">
    <ignored/>
  </testcase> <!-- verifyInventoryPageProductLabelTest -->
  <testcase classname="testcases._2_InventoryPageTest" name="verifyInventoryPageDisplaysProductsOrNotTest" time="0.0">
    <ignored/>
  </testcase> <!-- verifyInventoryPageDisplaysProductsOrNotTest -->
  <testcase classname="testcases._2_InventoryPageTest" name="validateProductInAscendingOrderTest" time="0.0">
    <ignored/>
  </testcase> <!-- validateProductInAscendingOrderTest -->
  <testcase classname="testcases._2_InventoryPageTest" name="validateProductInDescendingOrderTest" time="0.0">
    <ignored/>
  </testcase> <!-- validateProductInDescendingOrderTest -->
  <testcase classname="testcases._2_InventoryPageTest" name="verifyInventoryPageLinkedInLogoTest" time="0.0">
    <ignored/>
  </testcase> <!-- verifyInventoryPageLinkedInLogoTest -->
</testsuite> <!-- Default test -->
