<?xml version="1.0" encoding="UTF-8"?>
<!-- Generated by org.testng.reporters.JUnitXMLReporter -->
<testsuite ignored="6" hostname="ALORA.local" failures="0" tests="23" name="Test" time="263.057" errors="0" timestamp="2024-04-03T21:48:45 IST">
  <testcase classname="testcases._3_CartPageTest" name="verifyCartLabelTest" time="0.198"/>
  <testcase classname="testcases._3_CartPageTest" name="verifyCartPageURLTest" time="0.106"/>
  <testcase classname="testcases._4_ChekOutInformationPageTest" name="inputCheckOutInfoTest" time="0.688"/>
  <testcase classname="testcases._4_ChekOutInformationPageTest" name="verifyCheckOutInfoPageLabelTest" time="0.171"/>
  <testcase classname="testcases._4_ChekOutInformationPageTest" name="verifyCheckOutInfoPageURLTest" time="0.059"/>
  <testcase classname="testcases._5_ChekOutOverviewPageTest" name="verifyCheckOutOverViewPageLabelTest" time="0.096"/>
  <testcase classname="testcases._5_ChekOutOverviewPageTest" name="verifyCheckOutOverViewPaymentInfoLabelTest" time="0.059"/>
  <testcase classname="testcases._5_ChekOutOverviewPageTest" name="verifyCheckOutOverViewShippingInfoLabelTest" time="0.064"/>
  <testcase classname="testcases._1_LoginPageTest" name="loginToApplicationTest" time="1.128"/>
  <testcase classname="testcases._1_LoginPageTest" name="verifyLoginLogoTest" time="0.142"/>
  <testcase classname="testcases._1_LoginPageTest" name="verifyTitleOfAppTest" time="0.086"/>
  <testcase classname="testcases._1_LoginPageTest" name="verifyURLOfAppTest" time="0.065"/>
  <testcase classname="testcases._6_CheckOutCompletePageTest" name="verifyCompletePageCompleteLabelTest" time="0.045"/>
  <testcase classname="testcases._6_CheckOutCompletePageTest" name="verifyCompletePageHeaderLabelTest" time="0.102"/>
  <testcase classname="testcases._6_CheckOutCompletePageTest" name="verifyCompletePageTextLabelTest" time="0.036"/>
  <testcase classname="testcases._6_CheckOutCompletePageTest" name="verifyCompletePageURLTest" time="0.018"/>
  <testcase classname="testcases._2_InventoryPageTest" name="add3LowestPriceProductsTest" time="0.875"/>
  <testcase classname="testcases._2_InventoryPageTest" name="validateProductPriceInDecreasingOrderTest" time="0.26"/>
  <testcase classname="testcases._2_InventoryPageTest" name="validateProductPriceInIncreasingOrderTest" time="0.231"/>
  <testcase classname="testcases._2_InventoryPageTest" name="verifyInventoryPageDisplaysProductsOrNotTest" time="0.083"/>
  <testcase classname="testcases._7_VerifyMultipleCredentials" name="loginToAppWithMultipleCredTest" time="0.926"/>
  <testcase classname="testcases._7_VerifyMultipleCredentials" name="loginToAppWithMultipleCredTest" time="0.916"/>
  <testcase classname="testcases._7_VerifyMultipleCredentials" name="loginToAppWithMultipleCredTest" time="0.509"/>
  <testcase classname="testcases._2_InventoryPageTest" name="verifyInventoryPageProductLabelTest" time="0.0">
    <ignored/>
  </testcase> <!-- verifyInventoryPageProductLabelTest -->
  <testcase classname="testcases._2_InventoryPageTest" name="verifyInventoryPageTwitterLogoTest" time="0.0">
    <ignored/>
  </testcase> <!-- verifyInventoryPageTwitterLogoTest -->
  <testcase classname="testcases._2_InventoryPageTest" name="verifyInventoryPageLinkedInLogoTest" time="0.0">
    <ignored/>
  </testcase> <!-- verifyInventoryPageLinkedInLogoTest -->
  <testcase classname="testcases._2_InventoryPageTest" name="validateProductInAscendingOrderTest" time="0.0">
    <ignored/>
  </testcase> <!-- validateProductInAscendingOrderTest -->
  <testcase classname="testcases._2_InventoryPageTest" name="verifyInventoryPageFbLogoTest" time="0.0">
    <ignored/>
  </testcase> <!-- verifyInventoryPageFbLogoTest -->
  <testcase classname="testcases._2_InventoryPageTest" name="validateProductInDescendingOrderTest" time="0.0">
    <ignored/>
  </testcase> <!-- validateProductInDescendingOrderTest -->
</testsuite> <!-- Test -->
